12/22/2022 10:43:38 AM: INFO: ====== WebDriver manager ======
12/22/2022 10:43:38 AM: INFO: Get LATEST chromedriver version for google-chrome 108.0.5359
12/22/2022 10:43:38 AM: INFO: Driver [/Users/tresajohn/.wdm/drivers/chromedriver/mac64/108.0.5359/chromedriver] found in cache
12/22/2022 10:43:41 AM: INFO: *********INFO***********
12/22/2022 10:43:41 AM: INFO: *********Verify HomePage***********
12/22/2022 10:43:43 AM: INFO: *********Home Page Pass***********
12/22/2022 10:43:43 AM: INFO: ====== WebDriver manager ======
12/22/2022 10:43:43 AM: INFO: Get LATEST chromedriver version for google-chrome 108.0.5359
12/22/2022 10:43:44 AM: INFO: Driver [/Users/tresajohn/.wdm/drivers/chromedriver/mac64/108.0.5359/chromedriver] found in cache
12/22/2022 10:45:08 AM: INFO: ====== WebDriver manager ======
12/22/2022 10:45:08 AM: INFO: Get LATEST chromedriver version for google-chrome 108.0.5359
12/22/2022 10:45:09 AM: INFO: Driver [/Users/tresajohn/.wdm/drivers/chromedriver/mac64/108.0.5359/chromedriver] found in cache
12/22/2022 10:45:11 AM: INFO: *********INFO***********
12/22/2022 10:45:11 AM: INFO: *********Verify HomePage***********
12/22/2022 10:45:12 AM: INFO: *********Home Page Pass***********
12/22/2022 10:45:12 AM: INFO: ====== WebDriver manager ======
12/22/2022 10:45:13 AM: INFO: Get LATEST chromedriver version for google-chrome 108.0.5359
12/22/2022 10:45:13 AM: INFO: Driver [/Users/tresajohn/.wdm/drivers/chromedriver/mac64/108.0.5359/chromedriver] found in cache
12/22/2022 10:45:51 AM: INFO: ====== WebDriver manager ======
12/22/2022 10:45:51 AM: INFO: Get LATEST chromedriver version for google-chrome 108.0.5359
12/22/2022 10:45:52 AM: INFO: Driver [/Users/tresajohn/.wdm/drivers/chromedriver/mac64/108.0.5359/chromedriver] found in cache
12/22/2022 10:45:54 AM: INFO: *********INFO***********
12/22/2022 10:45:54 AM: INFO: *********Verify HomePage***********
12/22/2022 10:45:55 AM: INFO: *********Home Page Pass***********
12/22/2022 10:45:55 AM: INFO: ====== WebDriver manager ======
12/22/2022 10:45:55 AM: INFO: Get LATEST chromedriver version for google-chrome 108.0.5359
12/22/2022 10:45:56 AM: INFO: Driver [/Users/tresajohn/.wdm/drivers/chromedriver/mac64/108.0.5359/chromedriver] found in cache
12/22/2022 10:46:52 AM: INFO: ====== WebDriver manager ======
12/22/2022 10:46:52 AM: INFO: Get LATEST chromedriver version for google-chrome 108.0.5359
12/22/2022 10:46:52 AM: INFO: Driver [/Users/tresajohn/.wdm/drivers/chromedriver/mac64/108.0.5359/chromedriver] found in cache
12/22/2022 10:46:55 AM: INFO: *********INFO***********
12/22/2022 10:46:55 AM: INFO: *********Verify HomePage***********
12/22/2022 10:46:56 AM: INFO: *********Home Page Pass***********
12/22/2022 10:46:56 AM: INFO: ====== WebDriver manager ======
12/22/2022 10:46:56 AM: INFO: Get LATEST chromedriver version for google-chrome 108.0.5359
12/22/2022 10:46:56 AM: INFO: Driver [/Users/tresajohn/.wdm/drivers/chromedriver/mac64/108.0.5359/chromedriver] found in cache
12/22/2022 10:48:36 AM: INFO: ====== WebDriver manager ======
12/22/2022 10:48:36 AM: INFO: Get LATEST chromedriver version for google-chrome 108.0.5359
12/22/2022 10:48:36 AM: INFO: Driver [/Users/tresajohn/.wdm/drivers/chromedriver/mac64/108.0.5359/chromedriver] found in cache
12/22/2022 10:48:39 AM: INFO: *********INFO***********
12/22/2022 10:48:39 AM: INFO: *********Verify HomePage***********
12/22/2022 10:48:40 AM: INFO: *********Home Page Pass***********
12/22/2022 10:48:40 AM: INFO: ====== WebDriver manager ======
12/22/2022 10:48:40 AM: INFO: Get LATEST chromedriver version for google-chrome 108.0.5359
12/22/2022 10:48:40 AM: INFO: Driver [/Users/tresajohn/.wdm/drivers/chromedriver/mac64/108.0.5359/chromedriver] found in cache
12/22/2022 10:48:42 AM: INFO: *********INFO2***********
