12/22/2022 10:51:40 AM: INFO: ====== WebDriver manager ======
12/22/2022 10:51:40 AM: INFO: Get LATEST chromedriver version for google-chrome 108.0.5359
12/22/2022 10:51:40 AM: INFO: Driver [/Users/tresajohn/.wdm/drivers/chromedriver/mac64/108.0.5359/chromedriver] found in cache
12/22/2022 10:51:43 AM: INFO: *********INFO***********
12/22/2022 10:51:43 AM: INFO: *********Verify HomePage***********
12/22/2022 10:51:44 AM: INFO: *********Home Page Pass***********
12/22/2022 10:51:44 AM: INFO: ====== WebDriver manager ======
12/22/2022 10:51:44 AM: INFO: Get LATEST chromedriver version for google-chrome 108.0.5359
12/22/2022 10:51:44 AM: INFO: Driver [/Users/tresajohn/.wdm/drivers/chromedriver/mac64/108.0.5359/chromedriver] found in cache
12/22/2022 10:51:47 AM: INFO: *********INFO2***********
12/22/2022 10:52:15 AM: INFO: ====== WebDriver manager ======
12/22/2022 10:52:15 AM: INFO: Get LATEST chromedriver version for google-chrome 108.0.5359
12/22/2022 10:52:15 AM: INFO: Driver [/Users/tresajohn/.wdm/drivers/chromedriver/mac64/108.0.5359/chromedriver] found in cache
12/22/2022 10:52:18 AM: INFO: *********INFO***********
12/22/2022 10:52:18 AM: INFO: *********Verify HomePage***********
12/22/2022 10:52:19 AM: INFO: *********Home Page Pass***********
12/22/2022 10:52:19 AM: INFO: ====== WebDriver manager ======
12/22/2022 10:52:19 AM: INFO: Get LATEST chromedriver version for google-chrome 108.0.5359
12/22/2022 10:52:19 AM: INFO: Driver [/Users/tresajohn/.wdm/drivers/chromedriver/mac64/108.0.5359/chromedriver] found in cache
12/22/2022 10:52:21 AM: INFO: *********INFO2***********
12/22/2022 11:01:18 AM: INFO: ====== WebDriver manager ======
12/22/2022 11:01:19 AM: INFO: Get LATEST chromedriver version for google-chrome 108.0.5359
12/22/2022 11:01:19 AM: INFO: Driver [/Users/tresajohn/.wdm/drivers/chromedriver/mac64/108.0.5359/chromedriver] found in cache
12/22/2022 11:01:22 AM: INFO: *********INFO***********
12/22/2022 11:01:22 AM: INFO: *********Verify HomePage***********
12/22/2022 11:01:26 AM: INFO: *********Home Page Pass***********
12/22/2022 11:01:26 AM: INFO: ====== WebDriver manager ======
12/22/2022 11:01:26 AM: INFO: Get LATEST chromedriver version for google-chrome 108.0.5359
12/22/2022 11:01:26 AM: INFO: Driver [/Users/tresajohn/.wdm/drivers/chromedriver/mac64/108.0.5359/chromedriver] found in cache
12/22/2022 11:01:28 AM: INFO: *********INFO2***********
12/22/2022 11:02:20 AM: INFO: ====== WebDriver manager ======
12/22/2022 11:02:20 AM: INFO: Get LATEST chromedriver version for google-chrome 108.0.5359
12/22/2022 11:02:20 AM: INFO: Driver [/Users/tresajohn/.wdm/drivers/chromedriver/mac64/108.0.5359/chromedriver] found in cache
12/22/2022 11:02:22 AM: INFO: *********INFO***********
12/22/2022 11:02:22 AM: INFO: *********Verify HomePage***********
12/22/2022 11:02:24 AM: INFO: *********Home Page Pass***********
12/22/2022 11:02:24 AM: INFO: ====== WebDriver manager ======
12/22/2022 11:02:24 AM: INFO: Get LATEST chromedriver version for google-chrome 108.0.5359
12/22/2022 11:02:24 AM: INFO: Driver [/Users/tresajohn/.wdm/drivers/chromedriver/mac64/108.0.5359/chromedriver] found in cache
12/22/2022 11:02:27 AM: INFO: *********INFO2***********
12/22/2022 11:04:20 AM: INFO: *********INFO***********
12/22/2022 11:04:20 AM: INFO: *********Verify HomePage***********
12/22/2022 11:04:23 AM: INFO: *********Home Page Pass***********
12/22/2022 11:04:28 AM: INFO: *********INFO2***********
12/22/2022 11:07:01 AM: INFO: ====== WebDriver manager ======
12/22/2022 11:07:01 AM: INFO: Get LATEST chromedriver version for google-chrome 108.0.5359
12/22/2022 11:07:01 AM: INFO: Driver [/Users/tresajohn/.wdm/drivers/chromedriver/mac64/108.0.5359/chromedriver] found in cache
12/22/2022 11:07:04 AM: INFO: *********INFO***********
12/22/2022 11:07:04 AM: INFO: *********Verify HomePage***********
12/22/2022 11:07:07 AM: INFO: *********Home Page Pass***********
12/22/2022 11:07:07 AM: INFO: ====== WebDriver manager ======
12/22/2022 11:07:07 AM: INFO: Get LATEST chromedriver version for google-chrome 108.0.5359
12/22/2022 11:07:07 AM: INFO: Driver [/Users/tresajohn/.wdm/drivers/chromedriver/mac64/108.0.5359/chromedriver] found in cache
12/22/2022 11:07:10 AM: INFO: *********INFO2***********
12/22/2022 11:23:09 AM: INFO: ====== WebDriver manager ======
12/22/2022 11:23:09 AM: INFO: Get LATEST chromedriver version for google-chrome 108.0.5359
12/22/2022 11:23:09 AM: INFO: Driver [/Users/tresajohn/.wdm/drivers/chromedriver/mac64/108.0.5359/chromedriver] found in cache
12/22/2022 11:23:12 AM: INFO: *********INFO***********
12/22/2022 11:23:12 AM: INFO: *********Verify HomePage***********
12/22/2022 11:23:14 AM: INFO: *********Home Page Pass***********
12/22/2022 11:23:15 AM: INFO: ====== WebDriver manager ======
12/22/2022 11:23:15 AM: INFO: Get LATEST chromedriver version for google-chrome 108.0.5359
12/22/2022 11:23:15 AM: INFO: Driver [/Users/tresajohn/.wdm/drivers/chromedriver/mac64/108.0.5359/chromedriver] found in cache
12/22/2022 11:23:17 AM: INFO: *********INFO2***********
12/22/2022 11:24:50 AM: INFO: ====== WebDriver manager ======
12/22/2022 11:24:50 AM: INFO: Get LATEST chromedriver version for google-chrome 108.0.5359
12/22/2022 11:24:50 AM: INFO: Driver [/Users/tresajohn/.wdm/drivers/chromedriver/mac64/108.0.5359/chromedriver] found in cache
12/22/2022 11:24:52 AM: INFO: ******* Starting Test_002_DDT_Login Test **********
12/22/2022 11:24:52 AM: INFO: ******* Starting Login DDT Test **********
12/22/2022 11:25:01 AM: INFO: **** passed ****
12/22/2022 11:25:07 AM: INFO: **** passed ****
12/22/2022 11:25:13 AM: INFO: **** passed ****
12/22/2022 11:25:19 AM: INFO: **** passed ****
12/22/2022 11:25:19 AM: INFO: ******* DDT Login test passed **********
12/22/2022 11:25:19 AM: INFO: ******* End of Login DDT Test **********
12/22/2022 11:25:19 AM: INFO: **************** Completed  TC_LoginDDT_002 ************* 
12/22/2022 04:43:15 PM: INFO: ====== WebDriver manager ======
12/22/2022 04:43:15 PM: INFO: Get LATEST chromedriver version for google-chrome 108.0.5359
12/22/2022 04:43:16 PM: INFO: Driver [/Users/tresajohn/.wdm/drivers/chromedriver/mac64/108.0.5359/chromedriver] found in cache
12/22/2022 04:43:20 PM: INFO: ************* SearchCustomerByEmail_004 **********
12/22/2022 04:43:25 PM: INFO: ************* Login succesful **********
12/22/2022 04:43:25 PM: INFO: ******* Starting Search Customer By Email **********
12/22/2022 04:45:08 PM: INFO: ====== WebDriver manager ======
12/22/2022 04:45:08 PM: INFO: Get LATEST chromedriver version for google-chrome 108.0.5359
12/22/2022 04:45:09 PM: INFO: Driver [/Users/tresajohn/.wdm/drivers/chromedriver/mac64/108.0.5359/chromedriver] found in cache
12/22/2022 04:45:12 PM: INFO: ************* SearchCustomerByEmail_004 **********
12/22/2022 04:45:15 PM: INFO: ************* Login succesful **********
12/22/2022 04:45:15 PM: INFO: ******* Starting Search Customer By Email **********
12/22/2022 04:45:59 PM: INFO: ====== WebDriver manager ======
12/22/2022 04:45:59 PM: INFO: Get LATEST chromedriver version for google-chrome 108.0.5359
12/22/2022 04:45:59 PM: INFO: Driver [/Users/tresajohn/.wdm/drivers/chromedriver/mac64/108.0.5359/chromedriver] found in cache
12/22/2022 04:46:02 PM: INFO: ************* SearchCustomerByEmail_004 **********
12/22/2022 04:46:05 PM: INFO: ************* Login succesful **********
12/22/2022 04:46:05 PM: INFO: ******* Starting Search Customer By Email **********
12/22/2022 04:51:05 PM: INFO: ====== WebDriver manager ======
12/22/2022 04:51:06 PM: INFO: Get LATEST chromedriver version for google-chrome 108.0.5359
12/22/2022 04:51:06 PM: INFO: Driver [/Users/tresajohn/.wdm/drivers/chromedriver/mac64/108.0.5359/chromedriver] found in cache
12/22/2022 04:51:08 PM: INFO: ************* SearchCustomerByEmail_004 **********
12/22/2022 04:51:14 PM: INFO: ************* Login successful **********
12/22/2022 04:51:14 PM: INFO: ******* Starting Search Customer By Email **********
12/22/2022 05:06:04 PM: INFO: ====== WebDriver manager ======
12/22/2022 05:06:04 PM: INFO: Get LATEST chromedriver version for google-chrome 108.0.5359
12/22/2022 05:06:05 PM: INFO: Driver [/Users/tresajohn/.wdm/drivers/chromedriver/mac64/108.0.5359/chromedriver] found in cache
12/22/2022 05:06:07 PM: INFO: ************* SearchCustomerByEmail_004 **********
12/22/2022 05:06:13 PM: INFO: ************* Login successful **********
12/22/2022 05:06:13 PM: INFO: ******* Starting Search Customer By Email **********
12/22/2022 05:08:25 PM: INFO: ====== WebDriver manager ======
12/22/2022 05:08:25 PM: INFO: Get LATEST chromedriver version for google-chrome 108.0.5359
12/22/2022 05:08:25 PM: INFO: Driver [/Users/tresajohn/.wdm/drivers/chromedriver/mac64/108.0.5359/chromedriver] found in cache
12/22/2022 05:08:27 PM: INFO: ************* SearchCustomerByEmail_004 **********
12/22/2022 05:08:33 PM: INFO: ************* Login successful **********
12/22/2022 05:08:33 PM: INFO: ******* Starting Search Customer By Email **********
12/22/2022 05:10:42 PM: INFO: ====== WebDriver manager ======
12/22/2022 05:10:42 PM: INFO: ====== WebDriver manager ======
12/22/2022 05:10:42 PM: INFO: Get LATEST chromedriver version for google-chrome 108.0.5359
12/22/2022 05:10:42 PM: INFO: Get LATEST chromedriver version for google-chrome 108.0.5359
12/22/2022 05:10:42 PM: INFO: Driver [/Users/tresajohn/.wdm/drivers/chromedriver/mac64/108.0.5359/chromedriver] found in cache
12/22/2022 05:10:42 PM: INFO: Driver [/Users/tresajohn/.wdm/drivers/chromedriver/mac64/108.0.5359/chromedriver] found in cache
12/22/2022 05:10:45 PM: INFO: ************* SearchCustomerByEmail_004 **********
12/22/2022 05:10:45 PM: INFO: ************* SearchCustomerByEmail_004 **********
12/22/2022 05:10:51 PM: INFO: ************* Login successful **********
12/22/2022 05:10:51 PM: INFO: ************* Login successful **********
12/22/2022 05:10:51 PM: INFO: ******* Starting Search Customer By Email **********
12/22/2022 05:10:51 PM: INFO: ******* Starting Search Customer By Email **********
12/22/2022 05:10:51 PM: INFO: ************* searching customer by emailID **********
12/22/2022 05:10:51 PM: INFO: ************* searching customer by emailID **********
12/22/2022 05:10:53 PM: INFO: ************* searching customer by emailID **********
12/22/2022 05:10:53 PM: INFO: ************* searching customer by emailID **********
12/22/2022 05:11:02 PM: INFO: ====== WebDriver manager ======
12/22/2022 05:11:02 PM: INFO: ====== WebDriver manager ======
12/22/2022 05:11:02 PM: INFO: Get LATEST chromedriver version for google-chrome 108.0.5359
12/22/2022 05:11:02 PM: INFO: Get LATEST chromedriver version for google-chrome 108.0.5359
12/22/2022 05:11:03 PM: INFO: Driver [/Users/tresajohn/.wdm/drivers/chromedriver/mac64/108.0.5359/chromedriver] found in cache
12/22/2022 05:11:03 PM: INFO: Driver [/Users/tresajohn/.wdm/drivers/chromedriver/mac64/108.0.5359/chromedriver] found in cache
12/22/2022 05:11:05 PM: INFO: ************* SearchCustomerByEmail_004 **********
12/22/2022 05:11:05 PM: INFO: ************* SearchCustomerByEmail_004 **********
12/22/2022 05:11:09 PM: INFO: ************* Login successful **********
12/22/2022 05:11:09 PM: INFO: ************* Login successful **********
12/22/2022 05:11:09 PM: INFO: ******* Starting Search Customer By Email **********
12/22/2022 05:11:09 PM: INFO: ******* Starting Search Customer By Email **********
12/22/2022 05:11:09 PM: INFO: ************* TESTTEST **********
12/22/2022 05:11:09 PM: INFO: ************* TESTTEST **********
12/22/2022 05:11:10 PM: INFO: ************* searching customer by emailID **********
12/22/2022 05:11:10 PM: INFO: ************* searching customer by emailID **********
12/22/2022 05:12:13 PM: INFO: ====== WebDriver manager ======
12/22/2022 05:12:13 PM: INFO: ====== WebDriver manager ======
12/22/2022 05:12:13 PM: INFO: Get LATEST chromedriver version for google-chrome 108.0.5359
12/22/2022 05:12:13 PM: INFO: Get LATEST chromedriver version for google-chrome 108.0.5359
12/22/2022 05:12:13 PM: INFO: Driver [/Users/tresajohn/.wdm/drivers/chromedriver/mac64/108.0.5359/chromedriver] found in cache
12/22/2022 05:12:13 PM: INFO: Driver [/Users/tresajohn/.wdm/drivers/chromedriver/mac64/108.0.5359/chromedriver] found in cache
12/22/2022 05:12:16 PM: INFO: ************* SearchCustomerByEmail_004 **********
12/22/2022 05:12:16 PM: INFO: ************* SearchCustomerByEmail_004 **********
12/22/2022 05:12:19 PM: INFO: ************* Login successful **********
12/22/2022 05:12:19 PM: INFO: ************* Login successful **********
12/22/2022 05:12:19 PM: INFO: ******* Starting Search Customer By Email **********
12/22/2022 05:12:19 PM: INFO: ******* Starting Search Customer By Email **********
12/22/2022 05:12:21 PM: INFO: ************* searching customer by emailID **********
12/22/2022 05:12:21 PM: INFO: ************* searching customer by emailID **********
12/22/2022 05:14:15 PM: INFO: ====== WebDriver manager ======
12/22/2022 05:14:15 PM: INFO: ====== WebDriver manager ======
12/22/2022 05:14:15 PM: INFO: Get LATEST chromedriver version for google-chrome 108.0.5359
12/22/2022 05:14:15 PM: INFO: Get LATEST chromedriver version for google-chrome 108.0.5359
12/22/2022 05:14:15 PM: INFO: Driver [/Users/tresajohn/.wdm/drivers/chromedriver/mac64/108.0.5359/chromedriver] found in cache
12/22/2022 05:14:15 PM: INFO: Driver [/Users/tresajohn/.wdm/drivers/chromedriver/mac64/108.0.5359/chromedriver] found in cache
12/22/2022 05:14:17 PM: INFO: ************* SearchCustomerByEmail_004 **********
12/22/2022 05:14:17 PM: INFO: ************* SearchCustomerByEmail_004 **********
12/22/2022 05:14:21 PM: INFO: ************* Login successful **********
12/22/2022 05:14:21 PM: INFO: ************* Login successful **********
12/22/2022 05:14:21 PM: INFO: ******* Starting Search Customer By Email **********
12/22/2022 05:14:21 PM: INFO: ******* Starting Search Customer By Email **********
12/22/2022 05:14:23 PM: INFO: ************* searching customer by emailID **********
12/22/2022 05:14:23 PM: INFO: ************* searching customer by emailID **********
12/22/2022 05:16:34 PM: INFO: ====== WebDriver manager ======
12/22/2022 05:16:34 PM: INFO: ====== WebDriver manager ======
12/22/2022 05:16:34 PM: INFO: Get LATEST chromedriver version for google-chrome 108.0.5359
12/22/2022 05:16:34 PM: INFO: Get LATEST chromedriver version for google-chrome 108.0.5359
12/22/2022 05:16:35 PM: INFO: Driver [/Users/tresajohn/.wdm/drivers/chromedriver/mac64/108.0.5359/chromedriver] found in cache
12/22/2022 05:16:35 PM: INFO: Driver [/Users/tresajohn/.wdm/drivers/chromedriver/mac64/108.0.5359/chromedriver] found in cache
12/22/2022 05:16:37 PM: INFO: ************* SearchCustomerByEmail_004 **********
12/22/2022 05:16:37 PM: INFO: ************* SearchCustomerByEmail_004 **********
12/22/2022 05:16:43 PM: INFO: ************* Login successful **********
12/22/2022 05:16:43 PM: INFO: ************* Login successful **********
12/22/2022 05:16:43 PM: INFO: ******* Starting Search Customer By Email **********
12/22/2022 05:16:43 PM: INFO: ******* Starting Search Customer By Email **********
12/22/2022 05:16:44 PM: INFO: ************* searching customer by emailID **********
12/22/2022 05:16:44 PM: INFO: ************* searching customer by emailID **********
12/22/2022 05:16:44 PM: INFO: ************* searching customer by emailID2 **********
12/22/2022 05:16:44 PM: INFO: ************* searching customer by emailID2 **********
12/22/2022 05:16:44 PM: INFO: ************* searching customer by emailID3 **********
12/22/2022 05:16:44 PM: INFO: ************* searching customer by emailID3 **********
12/22/2022 05:18:43 PM: INFO: ====== WebDriver manager ======
12/22/2022 05:18:43 PM: INFO: ====== WebDriver manager ======
12/22/2022 05:18:43 PM: INFO: Get LATEST chromedriver version for google-chrome 108.0.5359
12/22/2022 05:18:43 PM: INFO: Get LATEST chromedriver version for google-chrome 108.0.5359
12/22/2022 05:18:43 PM: INFO: Driver [/Users/tresajohn/.wdm/drivers/chromedriver/mac64/108.0.5359/chromedriver] found in cache
12/22/2022 05:18:43 PM: INFO: Driver [/Users/tresajohn/.wdm/drivers/chromedriver/mac64/108.0.5359/chromedriver] found in cache
12/22/2022 05:18:46 PM: INFO: ************* SearchCustomerByEmail_004 **********
12/22/2022 05:18:46 PM: INFO: ************* SearchCustomerByEmail_004 **********
12/22/2022 05:18:53 PM: INFO: ************* Login successful **********
12/22/2022 05:18:53 PM: INFO: ************* Login successful **********
12/22/2022 05:18:53 PM: INFO: ******* Starting Search Customer By Email **********
12/22/2022 05:18:53 PM: INFO: ******* Starting Search Customer By Email **********
12/22/2022 05:18:54 PM: INFO: ************* searching customer by emailID **********
12/22/2022 05:18:54 PM: INFO: ************* searching customer by emailID **********
12/22/2022 05:20:40 PM: INFO: ====== WebDriver manager ======
12/22/2022 05:20:40 PM: INFO: ====== WebDriver manager ======
12/22/2022 05:20:40 PM: INFO: Get LATEST chromedriver version for google-chrome 108.0.5359
12/22/2022 05:20:40 PM: INFO: Get LATEST chromedriver version for google-chrome 108.0.5359
12/22/2022 05:20:40 PM: INFO: Driver [/Users/tresajohn/.wdm/drivers/chromedriver/mac64/108.0.5359/chromedriver] found in cache
12/22/2022 05:20:40 PM: INFO: Driver [/Users/tresajohn/.wdm/drivers/chromedriver/mac64/108.0.5359/chromedriver] found in cache
12/22/2022 05:20:43 PM: INFO: ************* SearchCustomerByEmail_004 **********
12/22/2022 05:20:43 PM: INFO: ************* SearchCustomerByEmail_004 **********
12/22/2022 05:20:47 PM: INFO: ************* Login successful **********
12/22/2022 05:20:47 PM: INFO: ************* Login successful **********
12/22/2022 05:20:47 PM: INFO: ******* Starting Search Customer By Email **********
12/22/2022 05:20:47 PM: INFO: ******* Starting Search Customer By Email **********
12/22/2022 05:20:48 PM: INFO: ************* searching customer by emailID **********
12/22/2022 05:20:48 PM: INFO: ************* searching customer by emailID **********
12/22/2022 05:21:16 PM: INFO: ====== WebDriver manager ======
12/22/2022 05:21:16 PM: INFO: ====== WebDriver manager ======
12/22/2022 05:21:16 PM: INFO: Get LATEST chromedriver version for google-chrome 108.0.5359
12/22/2022 05:21:16 PM: INFO: Get LATEST chromedriver version for google-chrome 108.0.5359
12/22/2022 05:21:17 PM: INFO: Driver [/Users/tresajohn/.wdm/drivers/chromedriver/mac64/108.0.5359/chromedriver] found in cache
12/22/2022 05:21:17 PM: INFO: Driver [/Users/tresajohn/.wdm/drivers/chromedriver/mac64/108.0.5359/chromedriver] found in cache
12/22/2022 05:21:19 PM: INFO: ************* SearchCustomerByEmail_004 **********
12/22/2022 05:21:19 PM: INFO: ************* SearchCustomerByEmail_004 **********
12/22/2022 05:21:22 PM: INFO: ************* Login successful **********
12/22/2022 05:21:22 PM: INFO: ************* Login successful **********
12/22/2022 05:21:22 PM: INFO: ******* Starting Search Customer By Email **********
12/22/2022 05:21:22 PM: INFO: ******* Starting Search Customer By Email **********
12/22/2022 05:21:24 PM: INFO: ************* searching customer by emailID **********
12/22/2022 05:21:24 PM: INFO: ************* searching customer by emailID **********
12/22/2022 05:21:24 PM: INFO: ***************  TC_SearchCustomerByEmail_004 Finished5  *********** 
12/22/2022 05:21:24 PM: INFO: ***************  TC_SearchCustomerByEmail_004 Finished5  *********** 
12/22/2022 05:21:24 PM: INFO: ***************  TC_SearchCustomerByEmail_004 Finished55  *********** 
12/22/2022 05:21:24 PM: INFO: ***************  TC_SearchCustomerByEmail_004 Finished55  *********** 
12/22/2022 05:22:08 PM: INFO: ====== WebDriver manager ======
12/22/2022 05:22:08 PM: INFO: ====== WebDriver manager ======
12/22/2022 05:22:08 PM: INFO: Get LATEST chromedriver version for google-chrome 108.0.5359
12/22/2022 05:22:08 PM: INFO: Get LATEST chromedriver version for google-chrome 108.0.5359
12/22/2022 05:22:09 PM: INFO: Driver [/Users/tresajohn/.wdm/drivers/chromedriver/mac64/108.0.5359/chromedriver] found in cache
12/22/2022 05:22:09 PM: INFO: Driver [/Users/tresajohn/.wdm/drivers/chromedriver/mac64/108.0.5359/chromedriver] found in cache
12/22/2022 05:22:11 PM: INFO: ************* SearchCustomerByEmail_004 **********
12/22/2022 05:22:11 PM: INFO: ************* SearchCustomerByEmail_004 **********
12/22/2022 05:22:15 PM: INFO: ************* Login successful **********
12/22/2022 05:22:15 PM: INFO: ************* Login successful **********
12/22/2022 05:22:15 PM: INFO: ******* Starting Search Customer By Email **********
12/22/2022 05:22:15 PM: INFO: ******* Starting Search Customer By Email **********
12/22/2022 05:22:16 PM: INFO: ************* searching customer by emailID **********
12/22/2022 05:22:16 PM: INFO: ************* searching customer by emailID **********
12/22/2022 05:22:16 PM: INFO: ***************  TC_SearchCustomerByEmail_004 Finished4  *********** 
12/22/2022 05:22:16 PM: INFO: ***************  TC_SearchCustomerByEmail_004 Finished4  *********** 
12/22/2022 05:22:16 PM: INFO: ***************  TC_SearchCustomerByEmail_004 Finished5  *********** 
12/22/2022 05:22:16 PM: INFO: ***************  TC_SearchCustomerByEmail_004 Finished5  *********** 
12/22/2022 05:22:21 PM: INFO: ***************  TC_SearchCustomerByEmail_004 Finished6  *********** 
12/22/2022 05:22:21 PM: INFO: ***************  TC_SearchCustomerByEmail_004 Finished6  *********** 
12/22/2022 05:23:15 PM: INFO: ====== WebDriver manager ======
12/22/2022 05:23:15 PM: INFO: ====== WebDriver manager ======
12/22/2022 05:23:15 PM: INFO: Get LATEST chromedriver version for google-chrome 108.0.5359
12/22/2022 05:23:15 PM: INFO: Get LATEST chromedriver version for google-chrome 108.0.5359
12/22/2022 05:23:15 PM: INFO: Driver [/Users/tresajohn/.wdm/drivers/chromedriver/mac64/108.0.5359/chromedriver] found in cache
12/22/2022 05:23:15 PM: INFO: Driver [/Users/tresajohn/.wdm/drivers/chromedriver/mac64/108.0.5359/chromedriver] found in cache
12/22/2022 05:23:18 PM: INFO: ************* SearchCustomerByEmail_004 **********
12/22/2022 05:23:18 PM: INFO: ************* SearchCustomerByEmail_004 **********
12/22/2022 05:23:21 PM: INFO: ************* Login successful **********
12/22/2022 05:23:21 PM: INFO: ************* Login successful **********
12/22/2022 05:23:21 PM: INFO: ******* Starting Search Customer By Email **********
12/22/2022 05:23:21 PM: INFO: ******* Starting Search Customer By Email **********
12/22/2022 05:23:23 PM: INFO: ************* searching customer by emailID **********
12/22/2022 05:23:23 PM: INFO: ************* searching customer by emailID **********
12/22/2022 05:24:04 PM: INFO: ====== WebDriver manager ======
12/22/2022 05:24:04 PM: INFO: ====== WebDriver manager ======
12/22/2022 05:24:04 PM: INFO: Get LATEST chromedriver version for google-chrome 108.0.5359
12/22/2022 05:24:04 PM: INFO: Get LATEST chromedriver version for google-chrome 108.0.5359
12/22/2022 05:24:04 PM: INFO: Driver [/Users/tresajohn/.wdm/drivers/chromedriver/mac64/108.0.5359/chromedriver] found in cache
12/22/2022 05:24:04 PM: INFO: Driver [/Users/tresajohn/.wdm/drivers/chromedriver/mac64/108.0.5359/chromedriver] found in cache
12/22/2022 05:24:07 PM: INFO: ************* SearchCustomerByEmail_004 **********
12/22/2022 05:24:07 PM: INFO: ************* SearchCustomerByEmail_004 **********
12/22/2022 05:24:11 PM: INFO: ************* Login successful **********
12/22/2022 05:24:11 PM: INFO: ************* Login successful **********
12/22/2022 05:24:11 PM: INFO: ******* Starting Search Customer By Email **********
12/22/2022 05:24:11 PM: INFO: ******* Starting Search Customer By Email **********
12/22/2022 05:24:12 PM: INFO: ************* searching customer by emailID **********
12/22/2022 05:24:12 PM: INFO: ************* searching customer by emailID **********
12/22/2022 05:25:55 PM: INFO: ====== WebDriver manager ======
12/22/2022 05:25:55 PM: INFO: ====== WebDriver manager ======
12/22/2022 05:25:55 PM: INFO: ====== WebDriver manager ======
12/22/2022 05:25:55 PM: INFO: Get LATEST chromedriver version for google-chrome 108.0.5359
12/22/2022 05:25:55 PM: INFO: Get LATEST chromedriver version for google-chrome 108.0.5359
12/22/2022 05:25:55 PM: INFO: Get LATEST chromedriver version for google-chrome 108.0.5359
12/22/2022 05:25:55 PM: INFO: Driver [/Users/tresajohn/.wdm/drivers/chromedriver/mac64/108.0.5359/chromedriver] found in cache
12/22/2022 05:25:55 PM: INFO: Driver [/Users/tresajohn/.wdm/drivers/chromedriver/mac64/108.0.5359/chromedriver] found in cache
12/22/2022 05:25:55 PM: INFO: Driver [/Users/tresajohn/.wdm/drivers/chromedriver/mac64/108.0.5359/chromedriver] found in cache
12/22/2022 05:25:58 PM: INFO: ************* SearchCustomerByEmail_004 **********
12/22/2022 05:25:58 PM: INFO: ************* SearchCustomerByEmail_004 **********
12/22/2022 05:25:58 PM: INFO: ************* SearchCustomerByEmail_004 **********
12/22/2022 05:26:02 PM: INFO: ************* Login successful **********
12/22/2022 05:26:02 PM: INFO: ************* Login successful **********
12/22/2022 05:26:02 PM: INFO: ************* Login successful **********
12/22/2022 05:26:02 PM: INFO: ******* Starting Search Customer By Email **********
12/22/2022 05:26:02 PM: INFO: ******* Starting Search Customer By Email **********
12/22/2022 05:26:02 PM: INFO: ******* Starting Search Customer By Email **********
12/22/2022 05:26:04 PM: INFO: ************* searching customer by emailID **********
12/22/2022 05:26:04 PM: INFO: ************* searching customer by emailID **********
12/22/2022 05:26:04 PM: INFO: ************* searching customer by emailID **********
12/22/2022 05:26:09 PM: INFO: ***************  TC_SearchCustomerByEmail_004 Finished  *********** erwrewrwe
12/22/2022 05:26:09 PM: INFO: ***************  TC_SearchCustomerByEmail_004 Finished  *********** erwrewrwe
12/22/2022 05:26:09 PM: INFO: ***************  TC_SearchCustomerByEmail_004 Finished  *********** erwrewrwe
12/22/2022 05:27:02 PM: INFO: ====== WebDriver manager ======
12/22/2022 05:27:02 PM: INFO: ====== WebDriver manager ======
12/22/2022 05:27:02 PM: INFO: ====== WebDriver manager ======
12/22/2022 05:27:02 PM: INFO: Get LATEST chromedriver version for google-chrome 108.0.5359
12/22/2022 05:27:02 PM: INFO: Get LATEST chromedriver version for google-chrome 108.0.5359
12/22/2022 05:27:02 PM: INFO: Get LATEST chromedriver version for google-chrome 108.0.5359
12/22/2022 05:27:03 PM: INFO: Driver [/Users/tresajohn/.wdm/drivers/chromedriver/mac64/108.0.5359/chromedriver] found in cache
12/22/2022 05:27:03 PM: INFO: Driver [/Users/tresajohn/.wdm/drivers/chromedriver/mac64/108.0.5359/chromedriver] found in cache
12/22/2022 05:27:03 PM: INFO: Driver [/Users/tresajohn/.wdm/drivers/chromedriver/mac64/108.0.5359/chromedriver] found in cache
12/22/2022 05:27:05 PM: INFO: ************* SearchCustomerByEmail_004 **********
12/22/2022 05:27:05 PM: INFO: ************* SearchCustomerByEmail_004 **********
12/22/2022 05:27:05 PM: INFO: ************* SearchCustomerByEmail_004 **********
12/22/2022 05:27:09 PM: INFO: ************* Login successful **********
12/22/2022 05:27:09 PM: INFO: ************* Login successful **********
12/22/2022 05:27:09 PM: INFO: ************* Login successful **********
12/22/2022 05:27:09 PM: INFO: ******* Starting Search Customer By Email **********
12/22/2022 05:27:09 PM: INFO: ******* Starting Search Customer By Email **********
12/22/2022 05:27:09 PM: INFO: ******* Starting Search Customer By Email **********
12/22/2022 05:27:10 PM: INFO: ************* searching customer by emailID **********
12/22/2022 05:27:10 PM: INFO: ************* searching customer by emailID **********
12/22/2022 05:27:10 PM: INFO: ************* searching customer by emailID **********
12/22/2022 05:27:15 PM: INFO: ***************  TC_SearchCustomerByEmail_004 Finished  *********** erwrewrwe
12/22/2022 05:27:15 PM: INFO: ***************  TC_SearchCustomerByEmail_004 Finished  *********** erwrewrwe
12/22/2022 05:27:15 PM: INFO: ***************  TC_SearchCustomerByEmail_004 Finished  *********** erwrewrwe
12/22/2022 05:29:10 PM: INFO: ====== WebDriver manager ======
12/22/2022 05:29:10 PM: INFO: ====== WebDriver manager ======
12/22/2022 05:29:10 PM: INFO: ====== WebDriver manager ======
12/22/2022 05:29:10 PM: INFO: Get LATEST chromedriver version for google-chrome 108.0.5359
12/22/2022 05:29:10 PM: INFO: Get LATEST chromedriver version for google-chrome 108.0.5359
12/22/2022 05:29:10 PM: INFO: Get LATEST chromedriver version for google-chrome 108.0.5359
12/22/2022 05:29:11 PM: INFO: Driver [/Users/tresajohn/.wdm/drivers/chromedriver/mac64/108.0.5359/chromedriver] found in cache
12/22/2022 05:29:11 PM: INFO: Driver [/Users/tresajohn/.wdm/drivers/chromedriver/mac64/108.0.5359/chromedriver] found in cache
12/22/2022 05:29:11 PM: INFO: Driver [/Users/tresajohn/.wdm/drivers/chromedriver/mac64/108.0.5359/chromedriver] found in cache
12/22/2022 05:29:13 PM: INFO: ************* SearchCustomerByEmail_004 **********
12/22/2022 05:29:13 PM: INFO: ************* SearchCustomerByEmail_004 **********
12/22/2022 05:29:13 PM: INFO: ************* SearchCustomerByEmail_004 **********
12/22/2022 05:29:17 PM: INFO: ************* Login successful **********
12/22/2022 05:29:17 PM: INFO: ************* Login successful **********
12/22/2022 05:29:17 PM: INFO: ************* Login successful **********
12/22/2022 05:29:17 PM: INFO: ******* Starting Search Customer By Email **********
12/22/2022 05:29:17 PM: INFO: ******* Starting Search Customer By Email **********
12/22/2022 05:29:17 PM: INFO: ******* Starting Search Customer By Email **********
12/22/2022 05:29:18 PM: INFO: ************* searching customer by emailID **********
12/22/2022 05:29:18 PM: INFO: ************* searching customer by emailID **********
12/22/2022 05:29:18 PM: INFO: ************* searching customer by emailID **********
12/22/2022 05:31:11 PM: INFO: ====== WebDriver manager ======
12/22/2022 05:31:11 PM: INFO: ====== WebDriver manager ======
12/22/2022 05:31:11 PM: INFO: ====== WebDriver manager ======
12/22/2022 05:31:11 PM: INFO: Get LATEST chromedriver version for google-chrome 108.0.5359
12/22/2022 05:31:11 PM: INFO: Get LATEST chromedriver version for google-chrome 108.0.5359
12/22/2022 05:31:11 PM: INFO: Get LATEST chromedriver version for google-chrome 108.0.5359
12/22/2022 05:31:12 PM: INFO: Driver [/Users/tresajohn/.wdm/drivers/chromedriver/mac64/108.0.5359/chromedriver] found in cache
12/22/2022 05:31:12 PM: INFO: Driver [/Users/tresajohn/.wdm/drivers/chromedriver/mac64/108.0.5359/chromedriver] found in cache
12/22/2022 05:31:12 PM: INFO: Driver [/Users/tresajohn/.wdm/drivers/chromedriver/mac64/108.0.5359/chromedriver] found in cache
12/22/2022 05:31:15 PM: INFO: ************* SearchCustomerByEmail_004 **********
12/22/2022 05:31:15 PM: INFO: ************* SearchCustomerByEmail_004 **********
12/22/2022 05:31:15 PM: INFO: ************* SearchCustomerByEmail_004 **********
12/22/2022 05:31:19 PM: INFO: ************* Login successful **********
12/22/2022 05:31:19 PM: INFO: ************* Login successful **********
12/22/2022 05:31:19 PM: INFO: ************* Login successful **********
12/22/2022 05:31:19 PM: INFO: ******* Starting Search Customer By Email **********
12/22/2022 05:31:19 PM: INFO: ******* Starting Search Customer By Email **********
12/22/2022 05:31:19 PM: INFO: ******* Starting Search Customer By Email **********
12/22/2022 05:31:20 PM: INFO: ************* searching customer by emailID **********
12/22/2022 05:31:20 PM: INFO: ************* searching customer by emailID **********
12/22/2022 05:31:20 PM: INFO: ************* searching customer by emailID **********
12/22/2022 05:31:26 PM: INFO: ***************  TC_SearchCustomerByEmail_004 Finished  ***********       *
12/22/2022 05:31:26 PM: INFO: ***************  TC_SearchCustomerByEmail_004 Finished  ***********       *
12/22/2022 05:31:26 PM: INFO: ***************  TC_SearchCustomerByEmail_004 Finished  ***********       *
12/22/2022 05:31:50 PM: INFO: ====== WebDriver manager ======
12/22/2022 05:31:50 PM: INFO: ====== WebDriver manager ======
12/22/2022 05:31:50 PM: INFO: ====== WebDriver manager ======
12/22/2022 05:31:51 PM: INFO: Get LATEST chromedriver version for google-chrome 108.0.5359
12/22/2022 05:31:51 PM: INFO: Get LATEST chromedriver version for google-chrome 108.0.5359
12/22/2022 05:31:51 PM: INFO: Get LATEST chromedriver version for google-chrome 108.0.5359
12/22/2022 05:31:51 PM: INFO: Driver [/Users/tresajohn/.wdm/drivers/chromedriver/mac64/108.0.5359/chromedriver] found in cache
12/22/2022 05:31:51 PM: INFO: Driver [/Users/tresajohn/.wdm/drivers/chromedriver/mac64/108.0.5359/chromedriver] found in cache
12/22/2022 05:31:51 PM: INFO: Driver [/Users/tresajohn/.wdm/drivers/chromedriver/mac64/108.0.5359/chromedriver] found in cache
12/22/2022 05:31:53 PM: INFO: ************* SearchCustomerByEmail_004 **********
12/22/2022 05:31:53 PM: INFO: ************* SearchCustomerByEmail_004 **********
12/22/2022 05:31:53 PM: INFO: ************* SearchCustomerByEmail_004 **********
12/22/2022 05:31:57 PM: INFO: ************* Login successful **********
12/22/2022 05:31:57 PM: INFO: ************* Login successful **********
12/22/2022 05:31:57 PM: INFO: ************* Login successful **********
12/22/2022 05:31:57 PM: INFO: ******* Starting Search Customer By Email **********
12/22/2022 05:31:57 PM: INFO: ******* Starting Search Customer By Email **********
12/22/2022 05:31:57 PM: INFO: ******* Starting Search Customer By Email **********
12/22/2022 05:31:59 PM: INFO: ************* searching customer by emailID **********
12/22/2022 05:31:59 PM: INFO: ************* searching customer by emailID **********
12/22/2022 05:31:59 PM: INFO: ************* searching customer by emailID **********
12/22/2022 05:33:16 PM: INFO: ====== WebDriver manager ======
12/22/2022 05:33:16 PM: INFO: ====== WebDriver manager ======
12/22/2022 05:33:16 PM: INFO: ====== WebDriver manager ======
12/22/2022 05:33:17 PM: INFO: Get LATEST chromedriver version for google-chrome 108.0.5359
12/22/2022 05:33:17 PM: INFO: Get LATEST chromedriver version for google-chrome 108.0.5359
12/22/2022 05:33:17 PM: INFO: Get LATEST chromedriver version for google-chrome 108.0.5359
12/22/2022 05:33:17 PM: INFO: Driver [/Users/tresajohn/.wdm/drivers/chromedriver/mac64/108.0.5359/chromedriver] found in cache
12/22/2022 05:33:17 PM: INFO: Driver [/Users/tresajohn/.wdm/drivers/chromedriver/mac64/108.0.5359/chromedriver] found in cache
12/22/2022 05:33:17 PM: INFO: Driver [/Users/tresajohn/.wdm/drivers/chromedriver/mac64/108.0.5359/chromedriver] found in cache
12/22/2022 05:33:19 PM: INFO: ************* SearchCustomerByEmail_004 **********
12/22/2022 05:33:19 PM: INFO: ************* SearchCustomerByEmail_004 **********
12/22/2022 05:33:19 PM: INFO: ************* SearchCustomerByEmail_004 **********
12/22/2022 05:33:23 PM: INFO: ************* Login successful **********
12/22/2022 05:33:23 PM: INFO: ************* Login successful **********
12/22/2022 05:33:23 PM: INFO: ************* Login successful **********
12/22/2022 05:33:23 PM: INFO: ******* Starting Search Customer By Email **********
12/22/2022 05:33:23 PM: INFO: ******* Starting Search Customer By Email **********
12/22/2022 05:33:23 PM: INFO: ******* Starting Search Customer By Email **********
12/22/2022 05:33:25 PM: INFO: ************* searching customer by emailID **********
12/22/2022 05:33:25 PM: INFO: ************* searching customer by emailID **********
12/22/2022 05:33:25 PM: INFO: ************* searching customer by emailID **********
12/22/2022 05:35:17 PM: INFO: ====== WebDriver manager ======
12/22/2022 05:35:17 PM: INFO: ====== WebDriver manager ======
12/22/2022 05:35:17 PM: INFO: ====== WebDriver manager ======
12/22/2022 05:35:17 PM: INFO: Get LATEST chromedriver version for google-chrome 108.0.5359
12/22/2022 05:35:17 PM: INFO: Get LATEST chromedriver version for google-chrome 108.0.5359
12/22/2022 05:35:17 PM: INFO: Get LATEST chromedriver version for google-chrome 108.0.5359
12/22/2022 05:35:17 PM: INFO: Driver [/Users/tresajohn/.wdm/drivers/chromedriver/mac64/108.0.5359/chromedriver] found in cache
12/22/2022 05:35:17 PM: INFO: Driver [/Users/tresajohn/.wdm/drivers/chromedriver/mac64/108.0.5359/chromedriver] found in cache
12/22/2022 05:35:17 PM: INFO: Driver [/Users/tresajohn/.wdm/drivers/chromedriver/mac64/108.0.5359/chromedriver] found in cache
12/22/2022 05:35:20 PM: INFO: ************* SearchCustomerByEmail_004 **********
12/22/2022 05:35:20 PM: INFO: ************* SearchCustomerByEmail_004 **********
12/22/2022 05:35:20 PM: INFO: ************* SearchCustomerByEmail_004 **********
12/22/2022 05:35:23 PM: INFO: ************* Login successful **********
12/22/2022 05:35:23 PM: INFO: ************* Login successful **********
12/22/2022 05:35:23 PM: INFO: ************* Login successful **********
12/22/2022 05:35:23 PM: INFO: ******* Starting Search Customer By Email **********
12/22/2022 05:35:23 PM: INFO: ******* Starting Search Customer By Email **********
12/22/2022 05:35:23 PM: INFO: ******* Starting Search Customer By Email **********
12/22/2022 05:35:24 PM: INFO: ************* searching customer by emailID **********
12/22/2022 05:35:24 PM: INFO: ************* searching customer by emailID **********
12/22/2022 05:35:24 PM: INFO: ************* searching customer by emailID **********
12/22/2022 05:35:51 PM: INFO: ====== WebDriver manager ======
12/22/2022 05:35:51 PM: INFO: ====== WebDriver manager ======
12/22/2022 05:35:51 PM: INFO: ====== WebDriver manager ======
12/22/2022 05:35:51 PM: INFO: Get LATEST chromedriver version for google-chrome 108.0.5359
12/22/2022 05:35:51 PM: INFO: Get LATEST chromedriver version for google-chrome 108.0.5359
12/22/2022 05:35:51 PM: INFO: Get LATEST chromedriver version for google-chrome 108.0.5359
12/22/2022 05:35:51 PM: INFO: Driver [/Users/tresajohn/.wdm/drivers/chromedriver/mac64/108.0.5359/chromedriver] found in cache
12/22/2022 05:35:51 PM: INFO: Driver [/Users/tresajohn/.wdm/drivers/chromedriver/mac64/108.0.5359/chromedriver] found in cache
12/22/2022 05:35:51 PM: INFO: Driver [/Users/tresajohn/.wdm/drivers/chromedriver/mac64/108.0.5359/chromedriver] found in cache
12/22/2022 05:35:54 PM: INFO: ************* SearchCustomerByEmail_004 **********
12/22/2022 05:35:54 PM: INFO: ************* SearchCustomerByEmail_004 **********
12/22/2022 05:35:54 PM: INFO: ************* SearchCustomerByEmail_004 **********
12/22/2022 05:35:57 PM: INFO: ************* Login successful **********
12/22/2022 05:35:57 PM: INFO: ************* Login successful **********
12/22/2022 05:35:57 PM: INFO: ************* Login successful **********
12/22/2022 05:35:57 PM: INFO: ******* Starting Search Customer By Email **********
12/22/2022 05:35:57 PM: INFO: ******* Starting Search Customer By Email **********
12/22/2022 05:35:57 PM: INFO: ******* Starting Search Customer By Email **********
12/22/2022 05:37:21 PM: INFO: ====== WebDriver manager ======
12/22/2022 05:37:21 PM: INFO: ====== WebDriver manager ======
12/22/2022 05:37:21 PM: INFO: ====== WebDriver manager ======
12/22/2022 05:37:21 PM: INFO: Get LATEST chromedriver version for google-chrome 108.0.5359
12/22/2022 05:37:21 PM: INFO: Get LATEST chromedriver version for google-chrome 108.0.5359
12/22/2022 05:37:21 PM: INFO: Get LATEST chromedriver version for google-chrome 108.0.5359
12/22/2022 05:37:22 PM: INFO: Driver [/Users/tresajohn/.wdm/drivers/chromedriver/mac64/108.0.5359/chromedriver] found in cache
12/22/2022 05:37:22 PM: INFO: Driver [/Users/tresajohn/.wdm/drivers/chromedriver/mac64/108.0.5359/chromedriver] found in cache
12/22/2022 05:37:22 PM: INFO: Driver [/Users/tresajohn/.wdm/drivers/chromedriver/mac64/108.0.5359/chromedriver] found in cache
12/22/2022 05:37:25 PM: INFO: ************* SearchCustomerByEmail_004 **********
12/22/2022 05:37:25 PM: INFO: ************* SearchCustomerByEmail_004 **********
12/22/2022 05:37:25 PM: INFO: ************* SearchCustomerByEmail_004 **********
12/22/2022 05:37:28 PM: INFO: ************* Login successful **********
12/22/2022 05:37:28 PM: INFO: ************* Login successful **********
12/22/2022 05:37:28 PM: INFO: ************* Login successful **********
12/22/2022 05:37:28 PM: INFO: ******* Starting Search Customer By Email **********
12/22/2022 05:37:28 PM: INFO: ******* Starting Search Customer By Email **********
12/22/2022 05:37:28 PM: INFO: ******* Starting Search Customer By Email **********
12/22/2022 05:37:29 PM: INFO: ************* searching customer by emailID **********
12/22/2022 05:37:29 PM: INFO: ************* searching customer by emailID **********
12/22/2022 05:37:29 PM: INFO: ************* searching customer by emailID **********
12/22/2022 05:41:53 PM: INFO: ====== WebDriver manager ======
12/22/2022 05:41:53 PM: INFO: ====== WebDriver manager ======
12/22/2022 05:41:53 PM: INFO: ====== WebDriver manager ======
12/22/2022 05:41:53 PM: INFO: Get LATEST chromedriver version for google-chrome 108.0.5359
12/22/2022 05:41:53 PM: INFO: Get LATEST chromedriver version for google-chrome 108.0.5359
12/22/2022 05:41:53 PM: INFO: Get LATEST chromedriver version for google-chrome 108.0.5359
12/22/2022 05:41:54 PM: INFO: Driver [/Users/tresajohn/.wdm/drivers/chromedriver/mac64/108.0.5359/chromedriver] found in cache
12/22/2022 05:41:54 PM: INFO: Driver [/Users/tresajohn/.wdm/drivers/chromedriver/mac64/108.0.5359/chromedriver] found in cache
12/22/2022 05:41:54 PM: INFO: Driver [/Users/tresajohn/.wdm/drivers/chromedriver/mac64/108.0.5359/chromedriver] found in cache
12/22/2022 05:41:57 PM: INFO: ************* SearchCustomerByEmail_004 **********
12/22/2022 05:41:57 PM: INFO: ************* SearchCustomerByEmail_004 **********
12/22/2022 05:41:57 PM: INFO: ************* SearchCustomerByEmail_004 **********
12/22/2022 05:42:04 PM: INFO: ************* Login successful **********
12/22/2022 05:42:04 PM: INFO: ************* Login successful **********
12/22/2022 05:42:04 PM: INFO: ************* Login successful **********
12/22/2022 05:42:04 PM: INFO: ******* Starting Search Customer By Email **********
12/22/2022 05:42:04 PM: INFO: ******* Starting Search Customer By Email **********
12/22/2022 05:42:04 PM: INFO: ******* Starting Search Customer By Email **********
12/22/2022 05:42:05 PM: INFO: ************* searching customer by emailID **********
12/22/2022 05:42:05 PM: INFO: ************* searching customer by emailID **********
12/22/2022 05:42:05 PM: INFO: ************* searching customer by emailID **********
12/22/2022 05:42:10 PM: INFO: ***************victoria_victoria@nopCommerce.com Victoria Terces Registered Edit
12/22/2022 05:42:10 PM: INFO: ***************victoria_victoria@nopCommerce.com Victoria Terces Registered Edit
12/22/2022 05:42:10 PM: INFO: ***************victoria_victoria@nopCommerce.com Victoria Terces Registered Edit
12/22/2022 05:43:17 PM: INFO: ====== WebDriver manager ======
12/22/2022 05:43:17 PM: INFO: ====== WebDriver manager ======
12/22/2022 05:43:17 PM: INFO: ====== WebDriver manager ======
12/22/2022 05:43:17 PM: INFO: Get LATEST chromedriver version for google-chrome 108.0.5359
12/22/2022 05:43:17 PM: INFO: Get LATEST chromedriver version for google-chrome 108.0.5359
12/22/2022 05:43:17 PM: INFO: Get LATEST chromedriver version for google-chrome 108.0.5359
12/22/2022 05:43:17 PM: INFO: Driver [/Users/tresajohn/.wdm/drivers/chromedriver/mac64/108.0.5359/chromedriver] found in cache
12/22/2022 05:43:17 PM: INFO: Driver [/Users/tresajohn/.wdm/drivers/chromedriver/mac64/108.0.5359/chromedriver] found in cache
12/22/2022 05:43:17 PM: INFO: Driver [/Users/tresajohn/.wdm/drivers/chromedriver/mac64/108.0.5359/chromedriver] found in cache
12/22/2022 05:43:20 PM: INFO: ************* SearchCustomerByEmail_004 **********
12/22/2022 05:43:20 PM: INFO: ************* SearchCustomerByEmail_004 **********
12/22/2022 05:43:20 PM: INFO: ************* SearchCustomerByEmail_004 **********
12/22/2022 05:43:24 PM: INFO: ************* Login successful **********
12/22/2022 05:43:24 PM: INFO: ************* Login successful **********
12/22/2022 05:43:24 PM: INFO: ************* Login successful **********
12/22/2022 05:43:24 PM: INFO: ******* Starting Search Customer By Email **********
12/22/2022 05:43:24 PM: INFO: ******* Starting Search Customer By Email **********
12/22/2022 05:43:24 PM: INFO: ******* Starting Search Customer By Email **********
12/22/2022 05:43:46 PM: INFO: ====== WebDriver manager ======
12/22/2022 05:43:46 PM: INFO: ====== WebDriver manager ======
12/22/2022 05:43:46 PM: INFO: ====== WebDriver manager ======
12/22/2022 05:43:46 PM: INFO: Get LATEST chromedriver version for google-chrome 108.0.5359
12/22/2022 05:43:46 PM: INFO: Get LATEST chromedriver version for google-chrome 108.0.5359
12/22/2022 05:43:46 PM: INFO: Get LATEST chromedriver version for google-chrome 108.0.5359
12/22/2022 05:43:47 PM: INFO: Driver [/Users/tresajohn/.wdm/drivers/chromedriver/mac64/108.0.5359/chromedriver] found in cache
12/22/2022 05:43:47 PM: INFO: Driver [/Users/tresajohn/.wdm/drivers/chromedriver/mac64/108.0.5359/chromedriver] found in cache
12/22/2022 05:43:47 PM: INFO: Driver [/Users/tresajohn/.wdm/drivers/chromedriver/mac64/108.0.5359/chromedriver] found in cache
12/22/2022 05:43:49 PM: INFO: ************* SearchCustomerByEmail_004 **********
12/22/2022 05:43:49 PM: INFO: ************* SearchCustomerByEmail_004 **********
12/22/2022 05:43:49 PM: INFO: ************* SearchCustomerByEmail_004 **********
12/22/2022 05:43:53 PM: INFO: ************* Login successful **********
12/22/2022 05:43:53 PM: INFO: ************* Login successful **********
12/22/2022 05:43:53 PM: INFO: ************* Login successful **********
12/22/2022 05:43:53 PM: INFO: ******* Starting Search Customer By Email **********
12/22/2022 05:43:53 PM: INFO: ******* Starting Search Customer By Email **********
12/22/2022 05:43:53 PM: INFO: ******* Starting Search Customer By Email **********
12/22/2022 05:43:54 PM: INFO: ************* searching customer by emailID **********
12/22/2022 05:43:54 PM: INFO: ************* searching customer by emailID **********
12/22/2022 05:43:54 PM: INFO: ************* searching customer by emailID **********
12/22/2022 05:43:59 PM: INFO: ***************victoria_victoria@nopCommerce.com Victoria Terces Registered Edit
12/22/2022 05:43:59 PM: INFO: ***************victoria_victoria@nopCommerce.com Victoria Terces Registered Edit
12/22/2022 05:43:59 PM: INFO: ***************victoria_victoria@nopCommerce.com Victoria Terces Registered Edit
12/22/2022 05:45:26 PM: INFO: ====== WebDriver manager ======
12/22/2022 05:45:26 PM: INFO: ====== WebDriver manager ======
12/22/2022 05:45:26 PM: INFO: ====== WebDriver manager ======
12/22/2022 05:45:26 PM: INFO: Get LATEST chromedriver version for google-chrome 108.0.5359
12/22/2022 05:45:26 PM: INFO: Get LATEST chromedriver version for google-chrome 108.0.5359
12/22/2022 05:45:26 PM: INFO: Get LATEST chromedriver version for google-chrome 108.0.5359
12/22/2022 05:45:26 PM: INFO: Driver [/Users/tresajohn/.wdm/drivers/chromedriver/mac64/108.0.5359/chromedriver] found in cache
12/22/2022 05:45:26 PM: INFO: Driver [/Users/tresajohn/.wdm/drivers/chromedriver/mac64/108.0.5359/chromedriver] found in cache
12/22/2022 05:45:26 PM: INFO: Driver [/Users/tresajohn/.wdm/drivers/chromedriver/mac64/108.0.5359/chromedriver] found in cache
12/22/2022 05:45:29 PM: INFO: ************* SearchCustomerByEmail_004 **********
12/22/2022 05:45:29 PM: INFO: ************* SearchCustomerByEmail_004 **********
12/22/2022 05:45:29 PM: INFO: ************* SearchCustomerByEmail_004 **********
12/22/2022 05:45:33 PM: INFO: ************* Login successful **********
12/22/2022 05:45:33 PM: INFO: ************* Login successful **********
12/22/2022 05:45:33 PM: INFO: ************* Login successful **********
12/22/2022 05:45:33 PM: INFO: ******* Starting Search Customer By Email **********
12/22/2022 05:45:33 PM: INFO: ******* Starting Search Customer By Email **********
12/22/2022 05:45:33 PM: INFO: ******* Starting Search Customer By Email **********
12/22/2022 05:45:34 PM: INFO: ************* searching customer by emailID **********
12/22/2022 05:45:34 PM: INFO: ************* searching customer by emailID **********
12/22/2022 05:45:34 PM: INFO: ************* searching customer by emailID **********
12/22/2022 05:45:39 PM: INFO: ***************victoria_victoria@nopCommerce.com Victoria Terces Registered Edit
12/22/2022 05:45:39 PM: INFO: ***************victoria_victoria@nopCommerce.com Victoria Terces Registered Edit
12/22/2022 05:45:39 PM: INFO: ***************victoria_victoria@nopCommerce.com Victoria Terces Registered Edit
12/22/2022 05:45:39 PM: INFO: ***************  TC_SearchCustomerByEmail_004 Finished  ***********       *1
12/22/2022 05:45:39 PM: INFO: ***************  TC_SearchCustomerByEmail_004 Finished  ***********       *1
12/22/2022 05:45:39 PM: INFO: ***************  TC_SearchCustomerByEmail_004 Finished  ***********       *1
12/22/2022 05:45:39 PM: INFO: ***************victoria_victoria@nopCommerce.com Victoria Terces Registered Edit
12/22/2022 05:45:39 PM: INFO: ***************victoria_victoria@nopCommerce.com Victoria Terces Registered Edit
12/22/2022 05:45:39 PM: INFO: ***************victoria_victoria@nopCommerce.com Victoria Terces Registered Edit
12/22/2022 05:46:32 PM: INFO: ====== WebDriver manager ======
12/22/2022 05:46:32 PM: INFO: ====== WebDriver manager ======
12/22/2022 05:46:32 PM: INFO: ====== WebDriver manager ======
12/22/2022 05:46:32 PM: INFO: Get LATEST chromedriver version for google-chrome 108.0.5359
12/22/2022 05:46:32 PM: INFO: Get LATEST chromedriver version for google-chrome 108.0.5359
12/22/2022 05:46:32 PM: INFO: Get LATEST chromedriver version for google-chrome 108.0.5359
12/22/2022 05:46:33 PM: INFO: Driver [/Users/tresajohn/.wdm/drivers/chromedriver/mac64/108.0.5359/chromedriver] found in cache
12/22/2022 05:46:33 PM: INFO: Driver [/Users/tresajohn/.wdm/drivers/chromedriver/mac64/108.0.5359/chromedriver] found in cache
12/22/2022 05:46:33 PM: INFO: Driver [/Users/tresajohn/.wdm/drivers/chromedriver/mac64/108.0.5359/chromedriver] found in cache
12/22/2022 05:46:35 PM: INFO: ************* SearchCustomerByEmail_004 **********
12/22/2022 05:46:35 PM: INFO: ************* SearchCustomerByEmail_004 **********
12/22/2022 05:46:35 PM: INFO: ************* SearchCustomerByEmail_004 **********
12/22/2022 05:46:39 PM: INFO: ************* Login successful **********
12/22/2022 05:46:39 PM: INFO: ************* Login successful **********
12/22/2022 05:46:39 PM: INFO: ************* Login successful **********
12/22/2022 05:46:39 PM: INFO: ******* Starting Search Customer By Email **********
12/22/2022 05:46:39 PM: INFO: ******* Starting Search Customer By Email **********
12/22/2022 05:46:39 PM: INFO: ******* Starting Search Customer By Email **********
12/22/2022 05:46:41 PM: INFO: ************* searching customer by emailID **********
12/22/2022 05:46:41 PM: INFO: ************* searching customer by emailID **********
12/22/2022 05:46:41 PM: INFO: ************* searching customer by emailID **********
12/22/2022 05:46:46 PM: INFO: ***************victoria_victoria@nopCommerce.com Victoria Terces Registered Edit
12/22/2022 05:46:46 PM: INFO: ***************victoria_victoria@nopCommerce.com Victoria Terces Registered Edit
12/22/2022 05:46:46 PM: INFO: ***************victoria_victoria@nopCommerce.com Victoria Terces Registered Edit
12/22/2022 05:46:46 PM: INFO: ***************  TC_SearchCustomerByEmail_004 Finished  ***********       *1
12/22/2022 05:46:46 PM: INFO: ***************  TC_SearchCustomerByEmail_004 Finished  ***********       *1
12/22/2022 05:46:46 PM: INFO: ***************  TC_SearchCustomerByEmail_004 Finished  ***********       *1
12/22/2022 05:46:46 PM: INFO: ***************victoria_victoria@nopCommerce.com Victoria Terces Registered Edit
12/22/2022 05:46:46 PM: INFO: ***************victoria_victoria@nopCommerce.com Victoria Terces Registered Edit
12/22/2022 05:46:46 PM: INFO: ***************victoria_victoria@nopCommerce.com Victoria Terces Registered Edit
12/22/2022 05:46:46 PM: INFO: ***************  TC_SearchCustomerByEmail_004 Finished  ***********       *1
12/22/2022 05:46:46 PM: INFO: ***************  TC_SearchCustomerByEmail_004 Finished  ***********       *1
12/22/2022 05:46:46 PM: INFO: ***************  TC_SearchCustomerByEmail_004 Finished  ***********       *1
12/22/2022 05:46:46 PM: INFO: ***************  TC_SearchCustomerByEmail_004 Finished  ***********       1
12/22/2022 05:46:46 PM: INFO: ***************  TC_SearchCustomerByEmail_004 Finished  ***********       1
12/22/2022 05:46:46 PM: INFO: ***************  TC_SearchCustomerByEmail_004 Finished  ***********       1
12/22/2022 05:46:46 PM: INFO: ***************  TC_SearchCustomerByEmail_004 Finished1  *********** 
12/22/2022 05:46:46 PM: INFO: ***************  TC_SearchCustomerByEmail_004 Finished1  *********** 
12/22/2022 05:46:46 PM: INFO: ***************  TC_SearchCustomerByEmail_004 Finished1  *********** 
12/22/2022 05:46:46 PM: INFO: ***************  TC_SearchCustomerByEmail_004 Finished2  *********** 
12/22/2022 05:46:46 PM: INFO: ***************  TC_SearchCustomerByEmail_004 Finished2  *********** 
12/22/2022 05:46:46 PM: INFO: ***************  TC_SearchCustomerByEmail_004 Finished2  *********** 
12/22/2022 05:46:46 PM: INFO: ***************  TC_SearchCustomerByEmail_004 Finished3  *********** 
12/22/2022 05:46:46 PM: INFO: ***************  TC_SearchCustomerByEmail_004 Finished3  *********** 
12/22/2022 05:46:46 PM: INFO: ***************  TC_SearchCustomerByEmail_004 Finished3  *********** 
12/22/2022 05:47:44 PM: INFO: ====== WebDriver manager ======
12/22/2022 05:47:44 PM: INFO: ====== WebDriver manager ======
12/22/2022 05:47:44 PM: INFO: ====== WebDriver manager ======
12/22/2022 05:47:44 PM: INFO: Get LATEST chromedriver version for google-chrome 108.0.5359
12/22/2022 05:47:44 PM: INFO: Get LATEST chromedriver version for google-chrome 108.0.5359
12/22/2022 05:47:44 PM: INFO: Get LATEST chromedriver version for google-chrome 108.0.5359
12/22/2022 05:47:44 PM: INFO: Driver [/Users/tresajohn/.wdm/drivers/chromedriver/mac64/108.0.5359/chromedriver] found in cache
12/22/2022 05:47:44 PM: INFO: Driver [/Users/tresajohn/.wdm/drivers/chromedriver/mac64/108.0.5359/chromedriver] found in cache
12/22/2022 05:47:44 PM: INFO: Driver [/Users/tresajohn/.wdm/drivers/chromedriver/mac64/108.0.5359/chromedriver] found in cache
12/22/2022 05:47:46 PM: INFO: ************* SearchCustomerByEmail_004 **********
12/22/2022 05:47:46 PM: INFO: ************* SearchCustomerByEmail_004 **********
12/22/2022 05:47:46 PM: INFO: ************* SearchCustomerByEmail_004 **********
12/22/2022 05:47:50 PM: INFO: ************* Login successful **********
12/22/2022 05:47:50 PM: INFO: ************* Login successful **********
12/22/2022 05:47:50 PM: INFO: ************* Login successful **********
12/22/2022 05:47:50 PM: INFO: ******* Starting Search Customer By Email **********
12/22/2022 05:47:50 PM: INFO: ******* Starting Search Customer By Email **********
12/22/2022 05:47:50 PM: INFO: ******* Starting Search Customer By Email **********
12/22/2022 05:47:51 PM: INFO: ************* searching customer by emailID **********
12/22/2022 05:47:51 PM: INFO: ************* searching customer by emailID **********
12/22/2022 05:47:51 PM: INFO: ************* searching customer by emailID **********
12/22/2022 05:49:57 PM: INFO: ====== WebDriver manager ======
12/22/2022 05:49:57 PM: INFO: ====== WebDriver manager ======
12/22/2022 05:49:57 PM: INFO: ====== WebDriver manager ======
12/22/2022 05:49:58 PM: INFO: Get LATEST chromedriver version for google-chrome 108.0.5359
12/22/2022 05:49:58 PM: INFO: Get LATEST chromedriver version for google-chrome 108.0.5359
12/22/2022 05:49:58 PM: INFO: Get LATEST chromedriver version for google-chrome 108.0.5359
12/22/2022 05:49:58 PM: INFO: Driver [/Users/tresajohn/.wdm/drivers/chromedriver/mac64/108.0.5359/chromedriver] found in cache
12/22/2022 05:49:58 PM: INFO: Driver [/Users/tresajohn/.wdm/drivers/chromedriver/mac64/108.0.5359/chromedriver] found in cache
12/22/2022 05:49:58 PM: INFO: Driver [/Users/tresajohn/.wdm/drivers/chromedriver/mac64/108.0.5359/chromedriver] found in cache
12/22/2022 05:50:01 PM: INFO: ************* SearchCustomerByEmail_004 **********
12/22/2022 05:50:01 PM: INFO: ************* SearchCustomerByEmail_004 **********
12/22/2022 05:50:01 PM: INFO: ************* SearchCustomerByEmail_004 **********
12/22/2022 05:50:07 PM: INFO: ************* Login successful **********
12/22/2022 05:50:07 PM: INFO: ************* Login successful **********
12/22/2022 05:50:07 PM: INFO: ************* Login successful **********
12/22/2022 05:50:07 PM: INFO: ******* Starting Search Customer By Email **********
12/22/2022 05:50:07 PM: INFO: ******* Starting Search Customer By Email **********
12/22/2022 05:50:07 PM: INFO: ******* Starting Search Customer By Email **********
12/22/2022 05:50:08 PM: INFO: ************* searching customer by emailID **********
12/22/2022 05:50:08 PM: INFO: ************* searching customer by emailID **********
12/22/2022 05:50:08 PM: INFO: ************* searching customer by emailID **********
12/22/2022 05:50:27 PM: INFO: ====== WebDriver manager ======
12/22/2022 05:50:27 PM: INFO: ====== WebDriver manager ======
12/22/2022 05:50:27 PM: INFO: ====== WebDriver manager ======
12/22/2022 05:50:27 PM: INFO: Get LATEST chromedriver version for google-chrome 108.0.5359
12/22/2022 05:50:27 PM: INFO: Get LATEST chromedriver version for google-chrome 108.0.5359
12/22/2022 05:50:27 PM: INFO: Get LATEST chromedriver version for google-chrome 108.0.5359
12/22/2022 05:50:27 PM: INFO: Driver [/Users/tresajohn/.wdm/drivers/chromedriver/mac64/108.0.5359/chromedriver] found in cache
12/22/2022 05:50:27 PM: INFO: Driver [/Users/tresajohn/.wdm/drivers/chromedriver/mac64/108.0.5359/chromedriver] found in cache
12/22/2022 05:50:27 PM: INFO: Driver [/Users/tresajohn/.wdm/drivers/chromedriver/mac64/108.0.5359/chromedriver] found in cache
12/22/2022 05:50:29 PM: INFO: ************* SearchCustomerByEmail_004 **********
12/22/2022 05:50:29 PM: INFO: ************* SearchCustomerByEmail_004 **********
12/22/2022 05:50:29 PM: INFO: ************* SearchCustomerByEmail_004 **********
12/22/2022 05:50:33 PM: INFO: ************* Login successful **********
12/22/2022 05:50:33 PM: INFO: ************* Login successful **********
12/22/2022 05:50:33 PM: INFO: ************* Login successful **********
12/22/2022 05:50:33 PM: INFO: ******* Starting Search Customer By Email **********
12/22/2022 05:50:33 PM: INFO: ******* Starting Search Customer By Email **********
12/22/2022 05:50:33 PM: INFO: ******* Starting Search Customer By Email **********
12/22/2022 05:50:34 PM: INFO: ************* searching customer by emailID **********
12/22/2022 05:50:34 PM: INFO: ************* searching customer by emailID **********
12/22/2022 05:50:34 PM: INFO: ************* searching customer by emailID **********
12/22/2022 05:51:16 PM: INFO: ====== WebDriver manager ======
12/22/2022 05:51:16 PM: INFO: ====== WebDriver manager ======
12/22/2022 05:51:16 PM: INFO: ====== WebDriver manager ======
12/22/2022 05:51:16 PM: INFO: Get LATEST chromedriver version for google-chrome 108.0.5359
12/22/2022 05:51:16 PM: INFO: Get LATEST chromedriver version for google-chrome 108.0.5359
12/22/2022 05:51:16 PM: INFO: Get LATEST chromedriver version for google-chrome 108.0.5359
12/22/2022 05:51:17 PM: INFO: Driver [/Users/tresajohn/.wdm/drivers/chromedriver/mac64/108.0.5359/chromedriver] found in cache
12/22/2022 05:51:17 PM: INFO: Driver [/Users/tresajohn/.wdm/drivers/chromedriver/mac64/108.0.5359/chromedriver] found in cache
12/22/2022 05:51:17 PM: INFO: Driver [/Users/tresajohn/.wdm/drivers/chromedriver/mac64/108.0.5359/chromedriver] found in cache
12/22/2022 05:51:19 PM: INFO: ************* SearchCustomerByEmail_004 **********
12/22/2022 05:51:19 PM: INFO: ************* SearchCustomerByEmail_004 **********
12/22/2022 05:51:19 PM: INFO: ************* SearchCustomerByEmail_004 **********
12/22/2022 05:51:23 PM: INFO: ************* Login successful **********
12/22/2022 05:51:23 PM: INFO: ************* Login successful **********
12/22/2022 05:51:23 PM: INFO: ************* Login successful **********
12/22/2022 05:51:23 PM: INFO: ******* Starting Search Customer By Email **********
12/22/2022 05:51:23 PM: INFO: ******* Starting Search Customer By Email **********
12/22/2022 05:51:23 PM: INFO: ******* Starting Search Customer By Email **********
12/22/2022 05:51:24 PM: INFO: ************* searching customer by emailID **********
12/22/2022 05:51:24 PM: INFO: ************* searching customer by emailID **********
12/22/2022 05:51:24 PM: INFO: ************* searching customer by emailID **********
12/22/2022 05:52:09 PM: INFO: ====== WebDriver manager ======
12/22/2022 05:52:09 PM: INFO: ====== WebDriver manager ======
12/22/2022 05:52:09 PM: INFO: ====== WebDriver manager ======
12/22/2022 05:52:09 PM: INFO: Get LATEST chromedriver version for google-chrome 108.0.5359
12/22/2022 05:52:09 PM: INFO: Get LATEST chromedriver version for google-chrome 108.0.5359
12/22/2022 05:52:09 PM: INFO: Get LATEST chromedriver version for google-chrome 108.0.5359
12/22/2022 05:52:09 PM: INFO: Driver [/Users/tresajohn/.wdm/drivers/chromedriver/mac64/108.0.5359/chromedriver] found in cache
12/22/2022 05:52:09 PM: INFO: Driver [/Users/tresajohn/.wdm/drivers/chromedriver/mac64/108.0.5359/chromedriver] found in cache
12/22/2022 05:52:09 PM: INFO: Driver [/Users/tresajohn/.wdm/drivers/chromedriver/mac64/108.0.5359/chromedriver] found in cache
12/22/2022 05:52:12 PM: INFO: ************* SearchCustomerByEmail_004 **********
12/22/2022 05:52:12 PM: INFO: ************* SearchCustomerByEmail_004 **********
12/22/2022 05:52:12 PM: INFO: ************* SearchCustomerByEmail_004 **********
12/22/2022 05:52:16 PM: INFO: ************* Login successful **********
12/22/2022 05:52:16 PM: INFO: ************* Login successful **********
12/22/2022 05:52:16 PM: INFO: ************* Login successful **********
12/22/2022 05:52:16 PM: INFO: ******* Starting Search Customer By Email **********
12/22/2022 05:52:16 PM: INFO: ******* Starting Search Customer By Email **********
12/22/2022 05:52:16 PM: INFO: ******* Starting Search Customer By Email **********
12/22/2022 05:52:17 PM: INFO: ************* searching customer by emailID **********
12/22/2022 05:52:17 PM: INFO: ************* searching customer by emailID **********
12/22/2022 05:52:17 PM: INFO: ************* searching customer by emailID **********
12/22/2022 05:53:27 PM: INFO: ====== WebDriver manager ======
12/22/2022 05:53:27 PM: INFO: ====== WebDriver manager ======
12/22/2022 05:53:27 PM: INFO: ====== WebDriver manager ======
12/22/2022 05:53:27 PM: INFO: Get LATEST chromedriver version for google-chrome 108.0.5359
12/22/2022 05:53:27 PM: INFO: Get LATEST chromedriver version for google-chrome 108.0.5359
12/22/2022 05:53:27 PM: INFO: Get LATEST chromedriver version for google-chrome 108.0.5359
12/22/2022 05:53:28 PM: INFO: Driver [/Users/tresajohn/.wdm/drivers/chromedriver/mac64/108.0.5359/chromedriver] found in cache
12/22/2022 05:53:28 PM: INFO: Driver [/Users/tresajohn/.wdm/drivers/chromedriver/mac64/108.0.5359/chromedriver] found in cache
12/22/2022 05:53:28 PM: INFO: Driver [/Users/tresajohn/.wdm/drivers/chromedriver/mac64/108.0.5359/chromedriver] found in cache
12/22/2022 05:53:30 PM: INFO: ************* SearchCustomerByEmail_004 **********
12/22/2022 05:53:30 PM: INFO: ************* SearchCustomerByEmail_004 **********
12/22/2022 05:53:30 PM: INFO: ************* SearchCustomerByEmail_004 **********
12/22/2022 05:53:34 PM: INFO: ************* Login successful **********
12/22/2022 05:53:34 PM: INFO: ************* Login successful **********
12/22/2022 05:53:34 PM: INFO: ************* Login successful **********
12/22/2022 05:53:34 PM: INFO: ******* Starting Search Customer By Email **********
12/22/2022 05:53:34 PM: INFO: ******* Starting Search Customer By Email **********
12/22/2022 05:53:34 PM: INFO: ******* Starting Search Customer By Email **********
12/22/2022 05:53:35 PM: INFO: ************* searching customer by emailID **********
12/22/2022 05:53:35 PM: INFO: ************* searching customer by emailID **********
12/22/2022 05:53:35 PM: INFO: ************* searching customer by emailID **********
12/22/2022 05:54:27 PM: INFO: ====== WebDriver manager ======
12/22/2022 05:54:27 PM: INFO: ====== WebDriver manager ======
12/22/2022 05:54:27 PM: INFO: ====== WebDriver manager ======
12/22/2022 05:54:27 PM: INFO: Get LATEST chromedriver version for google-chrome 108.0.5359
12/22/2022 05:54:27 PM: INFO: Get LATEST chromedriver version for google-chrome 108.0.5359
12/22/2022 05:54:27 PM: INFO: Get LATEST chromedriver version for google-chrome 108.0.5359
12/22/2022 05:54:27 PM: INFO: Driver [/Users/tresajohn/.wdm/drivers/chromedriver/mac64/108.0.5359/chromedriver] found in cache
12/22/2022 05:54:27 PM: INFO: Driver [/Users/tresajohn/.wdm/drivers/chromedriver/mac64/108.0.5359/chromedriver] found in cache
12/22/2022 05:54:27 PM: INFO: Driver [/Users/tresajohn/.wdm/drivers/chromedriver/mac64/108.0.5359/chromedriver] found in cache
12/22/2022 05:54:30 PM: INFO: ************* SearchCustomerByEmail_004 **********
12/22/2022 05:54:30 PM: INFO: ************* SearchCustomerByEmail_004 **********
12/22/2022 05:54:30 PM: INFO: ************* SearchCustomerByEmail_004 **********
12/22/2022 05:54:33 PM: INFO: ************* Login successful **********
12/22/2022 05:54:33 PM: INFO: ************* Login successful **********
12/22/2022 05:54:33 PM: INFO: ************* Login successful **********
12/22/2022 05:54:33 PM: INFO: ******* Starting Search Customer By Email **********
12/22/2022 05:54:33 PM: INFO: ******* Starting Search Customer By Email **********
12/22/2022 05:54:33 PM: INFO: ******* Starting Search Customer By Email **********
12/22/2022 05:54:35 PM: INFO: ************* searching customer by emailID **********
12/22/2022 05:54:35 PM: INFO: ************* searching customer by emailID **********
12/22/2022 05:54:35 PM: INFO: ************* searching customer by emailID **********
12/22/2022 05:54:40 PM: INFO: *************TYPfgfgEEEE1
12/22/2022 05:54:40 PM: INFO: *************TYPfgfgEEEE1
12/22/2022 05:54:40 PM: INFO: *************TYPfgfgEEEE1
12/22/2022 05:54:51 PM: INFO: ====== WebDriver manager ======
12/22/2022 05:54:51 PM: INFO: ====== WebDriver manager ======
12/22/2022 05:54:51 PM: INFO: ====== WebDriver manager ======
12/22/2022 05:54:51 PM: INFO: Get LATEST chromedriver version for google-chrome 108.0.5359
12/22/2022 05:54:51 PM: INFO: Get LATEST chromedriver version for google-chrome 108.0.5359
12/22/2022 05:54:51 PM: INFO: Get LATEST chromedriver version for google-chrome 108.0.5359
12/22/2022 05:54:51 PM: INFO: Driver [/Users/tresajohn/.wdm/drivers/chromedriver/mac64/108.0.5359/chromedriver] found in cache
12/22/2022 05:54:51 PM: INFO: Driver [/Users/tresajohn/.wdm/drivers/chromedriver/mac64/108.0.5359/chromedriver] found in cache
12/22/2022 05:54:51 PM: INFO: Driver [/Users/tresajohn/.wdm/drivers/chromedriver/mac64/108.0.5359/chromedriver] found in cache
12/22/2022 05:54:54 PM: INFO: ************* SearchCustomerByEmail_004 **********
12/22/2022 05:54:54 PM: INFO: ************* SearchCustomerByEmail_004 **********
12/22/2022 05:54:54 PM: INFO: ************* SearchCustomerByEmail_004 **********
12/22/2022 05:54:57 PM: INFO: ************* Login successful **********
12/22/2022 05:54:57 PM: INFO: ************* Login successful **********
12/22/2022 05:54:57 PM: INFO: ************* Login successful **********
12/22/2022 05:54:57 PM: INFO: ******* Starting Search Customer By Email **********
12/22/2022 05:54:57 PM: INFO: ******* Starting Search Customer By Email **********
12/22/2022 05:54:57 PM: INFO: ******* Starting Search Customer By Email **********
12/22/2022 05:54:58 PM: INFO: ************* searching customer by emailID **********
12/22/2022 05:54:58 PM: INFO: ************* searching customer by emailID **********
12/22/2022 05:54:58 PM: INFO: ************* searching customer by emailID **********
12/22/2022 05:55:03 PM: INFO: *************TYPfgfgEEEE1
12/22/2022 05:55:03 PM: INFO: *************TYPfgfgEEEE1
12/22/2022 05:55:03 PM: INFO: *************TYPfgfgEEEE1
12/22/2022 05:56:05 PM: INFO: ====== WebDriver manager ======
12/22/2022 05:56:05 PM: INFO: ====== WebDriver manager ======
12/22/2022 05:56:05 PM: INFO: ====== WebDriver manager ======
12/22/2022 05:56:05 PM: INFO: Get LATEST chromedriver version for google-chrome 108.0.5359
12/22/2022 05:56:05 PM: INFO: Get LATEST chromedriver version for google-chrome 108.0.5359
12/22/2022 05:56:05 PM: INFO: Get LATEST chromedriver version for google-chrome 108.0.5359
12/22/2022 05:56:06 PM: INFO: Driver [/Users/tresajohn/.wdm/drivers/chromedriver/mac64/108.0.5359/chromedriver] found in cache
12/22/2022 05:56:06 PM: INFO: Driver [/Users/tresajohn/.wdm/drivers/chromedriver/mac64/108.0.5359/chromedriver] found in cache
12/22/2022 05:56:06 PM: INFO: Driver [/Users/tresajohn/.wdm/drivers/chromedriver/mac64/108.0.5359/chromedriver] found in cache
12/22/2022 05:56:08 PM: INFO: ************* SearchCustomerByEmail_004 **********
12/22/2022 05:56:08 PM: INFO: ************* SearchCustomerByEmail_004 **********
12/22/2022 05:56:08 PM: INFO: ************* SearchCustomerByEmail_004 **********
12/22/2022 05:56:12 PM: INFO: ************* Login successful **********
12/22/2022 05:56:12 PM: INFO: ************* Login successful **********
12/22/2022 05:56:12 PM: INFO: ************* Login successful **********
12/22/2022 05:56:12 PM: INFO: ******* Starting Search Customer By Email **********
12/22/2022 05:56:12 PM: INFO: ******* Starting Search Customer By Email **********
12/22/2022 05:56:12 PM: INFO: ******* Starting Search Customer By Email **********
12/22/2022 05:56:13 PM: INFO: ************* searching customer by emailID **********
12/22/2022 05:56:13 PM: INFO: ************* searching customer by emailID **********
12/22/2022 05:56:13 PM: INFO: ************* searching customer by emailID **********
12/22/2022 05:56:18 PM: INFO: *************TYPEEEE1
12/22/2022 05:56:18 PM: INFO: *************TYPEEEE1
12/22/2022 05:56:18 PM: INFO: *************TYPEEEE1
12/22/2022 05:56:18 PM: INFO: ***************  TC_SearchCustomerByEmail_004 Finished1  *********** 
12/22/2022 05:56:18 PM: INFO: ***************  TC_SearchCustomerByEmail_004 Finished1  *********** 
12/22/2022 05:56:18 PM: INFO: ***************  TC_SearchCustomerByEmail_004 Finished1  *********** 
12/22/2022 05:56:18 PM: INFO: ***************  TC_SearchCustomerByEmail_004 Finished2  *********** 
12/22/2022 05:56:18 PM: INFO: ***************  TC_SearchCustomerByEmail_004 Finished2  *********** 
12/22/2022 05:56:18 PM: INFO: ***************  TC_SearchCustomerByEmail_004 Finished2  *********** 
12/22/2022 05:56:18 PM: INFO: ***************  TC_SearchCustomerByEmail_004 Finished3  *********** 
12/22/2022 05:56:18 PM: INFO: ***************  TC_SearchCustomerByEmail_004 Finished3  *********** 
12/22/2022 05:56:18 PM: INFO: ***************  TC_SearchCustomerByEmail_004 Finished3  *********** 
12/22/2022 05:56:30 PM: INFO: ====== WebDriver manager ======
12/22/2022 05:56:30 PM: INFO: ====== WebDriver manager ======
12/22/2022 05:56:30 PM: INFO: ====== WebDriver manager ======
12/22/2022 05:56:30 PM: INFO: Get LATEST chromedriver version for google-chrome 108.0.5359
12/22/2022 05:56:30 PM: INFO: Get LATEST chromedriver version for google-chrome 108.0.5359
12/22/2022 05:56:30 PM: INFO: Get LATEST chromedriver version for google-chrome 108.0.5359
12/22/2022 05:56:31 PM: INFO: Driver [/Users/tresajohn/.wdm/drivers/chromedriver/mac64/108.0.5359/chromedriver] found in cache
12/22/2022 05:56:31 PM: INFO: Driver [/Users/tresajohn/.wdm/drivers/chromedriver/mac64/108.0.5359/chromedriver] found in cache
12/22/2022 05:56:31 PM: INFO: Driver [/Users/tresajohn/.wdm/drivers/chromedriver/mac64/108.0.5359/chromedriver] found in cache
12/22/2022 05:56:33 PM: INFO: ************* SearchCustomerByEmail_004 **********
12/22/2022 05:56:33 PM: INFO: ************* SearchCustomerByEmail_004 **********
12/22/2022 05:56:33 PM: INFO: ************* SearchCustomerByEmail_004 **********
12/22/2022 05:56:37 PM: INFO: ************* Login successful **********
12/22/2022 05:56:37 PM: INFO: ************* Login successful **********
12/22/2022 05:56:37 PM: INFO: ************* Login successful **********
12/22/2022 05:56:37 PM: INFO: ******* Starting Search Customer By Email **********
12/22/2022 05:56:37 PM: INFO: ******* Starting Search Customer By Email **********
12/22/2022 05:56:37 PM: INFO: ******* Starting Search Customer By Email **********
12/22/2022 05:56:38 PM: INFO: ************* searching customer by emailID **********
12/22/2022 05:56:38 PM: INFO: ************* searching customer by emailID **********
12/22/2022 05:56:38 PM: INFO: ************* searching customer by emailID **********
12/22/2022 05:56:43 PM: INFO: *************TYPEEEE1
12/22/2022 05:56:43 PM: INFO: *************TYPEEEE1
12/22/2022 05:56:43 PM: INFO: *************TYPEEEE1
12/22/2022 05:56:43 PM: INFO: ***************  TC_SearchCustomerByEmail_004 Finished1  *********** 
12/22/2022 05:56:43 PM: INFO: ***************  TC_SearchCustomerByEmail_004 Finished1  *********** 
12/22/2022 05:56:43 PM: INFO: ***************  TC_SearchCustomerByEmail_004 Finished1  *********** 
12/22/2022 05:56:43 PM: INFO: ***************  TC_SearchCustomerByEmail_004 Finished2  *********** 
12/22/2022 05:56:43 PM: INFO: ***************  TC_SearchCustomerByEmail_004 Finished2  *********** 
12/22/2022 05:56:43 PM: INFO: ***************  TC_SearchCustomerByEmail_004 Finished2  *********** 
12/22/2022 05:56:43 PM: INFO: ***************  TC_SearchCustomerByEmail_004 Finished3  *********** 
12/22/2022 05:56:43 PM: INFO: ***************  TC_SearchCustomerByEmail_004 Finished3  *********** 
12/22/2022 05:56:43 PM: INFO: ***************  TC_SearchCustomerByEmail_004 Finished3  *********** 
12/22/2022 05:57:37 PM: INFO: ====== WebDriver manager ======
12/22/2022 05:57:37 PM: INFO: ====== WebDriver manager ======
12/22/2022 05:57:37 PM: INFO: ====== WebDriver manager ======
12/22/2022 05:57:37 PM: INFO: Get LATEST chromedriver version for google-chrome 108.0.5359
12/22/2022 05:57:37 PM: INFO: Get LATEST chromedriver version for google-chrome 108.0.5359
12/22/2022 05:57:37 PM: INFO: Get LATEST chromedriver version for google-chrome 108.0.5359
12/22/2022 05:57:37 PM: INFO: Driver [/Users/tresajohn/.wdm/drivers/chromedriver/mac64/108.0.5359/chromedriver] found in cache
12/22/2022 05:57:37 PM: INFO: Driver [/Users/tresajohn/.wdm/drivers/chromedriver/mac64/108.0.5359/chromedriver] found in cache
12/22/2022 05:57:37 PM: INFO: Driver [/Users/tresajohn/.wdm/drivers/chromedriver/mac64/108.0.5359/chromedriver] found in cache
12/22/2022 05:57:40 PM: INFO: ************* SearchCustomerByEmail_004 **********
12/22/2022 05:57:40 PM: INFO: ************* SearchCustomerByEmail_004 **********
12/22/2022 05:57:40 PM: INFO: ************* SearchCustomerByEmail_004 **********
12/22/2022 05:57:43 PM: INFO: ************* Login successful **********
12/22/2022 05:57:43 PM: INFO: ************* Login successful **********
12/22/2022 05:57:43 PM: INFO: ************* Login successful **********
12/22/2022 05:57:43 PM: INFO: ******* Starting Search Customer By Email **********
12/22/2022 05:57:43 PM: INFO: ******* Starting Search Customer By Email **********
12/22/2022 05:57:43 PM: INFO: ******* Starting Search Customer By Email **********
12/22/2022 05:57:45 PM: INFO: ************* searching customer by emailID **********
12/22/2022 05:57:45 PM: INFO: ************* searching customer by emailID **********
12/22/2022 05:57:45 PM: INFO: ************* searching customer by emailID **********
12/22/2022 06:00:33 PM: INFO: ====== WebDriver manager ======
12/22/2022 06:00:33 PM: INFO: ====== WebDriver manager ======
12/22/2022 06:00:33 PM: INFO: ====== WebDriver manager ======
12/22/2022 06:00:33 PM: INFO: Get LATEST chromedriver version for google-chrome 108.0.5359
12/22/2022 06:00:33 PM: INFO: Get LATEST chromedriver version for google-chrome 108.0.5359
12/22/2022 06:00:33 PM: INFO: Get LATEST chromedriver version for google-chrome 108.0.5359
12/22/2022 06:00:34 PM: INFO: Driver [/Users/tresajohn/.wdm/drivers/chromedriver/mac64/108.0.5359/chromedriver] found in cache
12/22/2022 06:00:34 PM: INFO: Driver [/Users/tresajohn/.wdm/drivers/chromedriver/mac64/108.0.5359/chromedriver] found in cache
12/22/2022 06:00:34 PM: INFO: Driver [/Users/tresajohn/.wdm/drivers/chromedriver/mac64/108.0.5359/chromedriver] found in cache
12/22/2022 06:00:36 PM: INFO: ************* SearchCustomerByEmail_004 **********
12/22/2022 06:00:36 PM: INFO: ************* SearchCustomerByEmail_004 **********
12/22/2022 06:00:36 PM: INFO: ************* SearchCustomerByEmail_004 **********
12/22/2022 06:00:43 PM: INFO: ************* Login successful **********
12/22/2022 06:00:43 PM: INFO: ************* Login successful **********
12/22/2022 06:00:43 PM: INFO: ************* Login successful **********
12/22/2022 06:00:43 PM: INFO: ******* Starting Search Customer By Email **********
12/22/2022 06:00:43 PM: INFO: ******* Starting Search Customer By Email **********
12/22/2022 06:00:43 PM: INFO: ******* Starting Search Customer By Email **********
12/22/2022 06:00:44 PM: INFO: ************* searching customer by emailID **********
12/22/2022 06:00:44 PM: INFO: ************* searching customer by emailID **********
12/22/2022 06:00:44 PM: INFO: ************* searching customer by emailID **********
12/22/2022 06:01:15 PM: INFO: ====== WebDriver manager ======
12/22/2022 06:01:15 PM: INFO: ====== WebDriver manager ======
12/22/2022 06:01:15 PM: INFO: ====== WebDriver manager ======
12/22/2022 06:01:15 PM: INFO: Get LATEST chromedriver version for google-chrome 108.0.5359
12/22/2022 06:01:15 PM: INFO: Get LATEST chromedriver version for google-chrome 108.0.5359
12/22/2022 06:01:15 PM: INFO: Get LATEST chromedriver version for google-chrome 108.0.5359
12/22/2022 06:01:16 PM: INFO: Driver [/Users/tresajohn/.wdm/drivers/chromedriver/mac64/108.0.5359/chromedriver] found in cache
12/22/2022 06:01:16 PM: INFO: Driver [/Users/tresajohn/.wdm/drivers/chromedriver/mac64/108.0.5359/chromedriver] found in cache
12/22/2022 06:01:16 PM: INFO: Driver [/Users/tresajohn/.wdm/drivers/chromedriver/mac64/108.0.5359/chromedriver] found in cache
12/22/2022 06:01:18 PM: INFO: ************* SearchCustomerByEmail_004 **********
12/22/2022 06:01:18 PM: INFO: ************* SearchCustomerByEmail_004 **********
12/22/2022 06:01:18 PM: INFO: ************* SearchCustomerByEmail_004 **********
12/22/2022 06:01:22 PM: INFO: ************* Login successful **********
12/22/2022 06:01:22 PM: INFO: ************* Login successful **********
12/22/2022 06:01:22 PM: INFO: ************* Login successful **********
12/22/2022 06:01:22 PM: INFO: ******* Starting Search Customer By Email **********
12/22/2022 06:01:22 PM: INFO: ******* Starting Search Customer By Email **********
12/22/2022 06:01:22 PM: INFO: ******* Starting Search Customer By Email **********
12/22/2022 06:01:23 PM: INFO: ************* searching customer by emailID **********
12/22/2022 06:01:23 PM: INFO: ************* searching customer by emailID **********
12/22/2022 06:01:23 PM: INFO: ************* searching customer by emailID **********
12/22/2022 06:03:46 PM: INFO: ====== WebDriver manager ======
12/22/2022 06:03:46 PM: INFO: ====== WebDriver manager ======
12/22/2022 06:03:46 PM: INFO: ====== WebDriver manager ======
12/22/2022 06:03:46 PM: INFO: Get LATEST chromedriver version for google-chrome 108.0.5359
12/22/2022 06:03:46 PM: INFO: Get LATEST chromedriver version for google-chrome 108.0.5359
12/22/2022 06:03:46 PM: INFO: Get LATEST chromedriver version for google-chrome 108.0.5359
12/22/2022 06:03:47 PM: INFO: Driver [/Users/tresajohn/.wdm/drivers/chromedriver/mac64/108.0.5359/chromedriver] found in cache
12/22/2022 06:03:47 PM: INFO: Driver [/Users/tresajohn/.wdm/drivers/chromedriver/mac64/108.0.5359/chromedriver] found in cache
12/22/2022 06:03:47 PM: INFO: Driver [/Users/tresajohn/.wdm/drivers/chromedriver/mac64/108.0.5359/chromedriver] found in cache
12/22/2022 06:03:49 PM: INFO: ************* SearchCustomerByName_005 **********
12/22/2022 06:03:49 PM: INFO: ************* SearchCustomerByName_005 **********
12/22/2022 06:03:49 PM: INFO: ************* SearchCustomerByName_005 **********
12/22/2022 06:03:55 PM: INFO: ************* Login succesful **********
12/22/2022 06:03:55 PM: INFO: ************* Login succesful **********
12/22/2022 06:03:55 PM: INFO: ************* Login succesful **********
12/22/2022 06:03:55 PM: INFO: ******* Starting Search Customer By Name **********
12/22/2022 06:03:55 PM: INFO: ******* Starting Search Customer By Name **********
12/22/2022 06:03:55 PM: INFO: ******* Starting Search Customer By Name **********
12/22/2022 06:03:58 PM: INFO: ************* searching customer by Name **********
12/22/2022 06:03:58 PM: INFO: ************* searching customer by Name **********
12/22/2022 06:03:58 PM: INFO: ************* searching customer by Name **********
12/22/2022 06:04:03 PM: INFO: ***************  TC_SearchCustomerByName_005 Finished  *********** 
12/22/2022 06:04:03 PM: INFO: ***************  TC_SearchCustomerByName_005 Finished  *********** 
12/22/2022 06:04:03 PM: INFO: ***************  TC_SearchCustomerByName_005 Finished  *********** 
